2024-03-06 14:12:14,361 - dspy.primitives.assertions - ERROR - AssertionError: You need to create a kwargs dict for EventStormingDomainSpecificationModel

            Validation error:
14 validation errors for EventStormingDomainSpecificationModel
domain_event_classnames
  List should have at least 3 items after validation, not 2 [type=too_short, input_value=['ShippingLabelProduced', 'CertificateIdPosted'], input_type=list]
    For further information visit https://errors.pydantic.dev/2.6/v/too_short
external_event_classnames
  Field required [type=missing, input_value={'domain_event_classnames...lectDecisionTreeQuery']}, input_type=dict]
    For further information visit https://errors.pydantic.dev/2.6/v/missing
command_classnames
  List should have at least 3 items after validation, not 1 [type=too_short, input_value=['CompleteQuestionnaireCommand'], input_type=list]
    For further information visit https://errors.pydantic.dev/2.6/v/too_short
query_classnames
  List should have at least 3 items after validation, not 1 [type=too_short, input_value=['SelectDecisionTreeQuery'], input_type=list]
    For further information visit https://errors.pydantic.dev/2.6/v/too_short
aggregate_classnames
  List should have at least 3 items after validation, not 1 [type=too_short, input_value=['ShippingLabelAggregate'], input_type=list]
    For further information visit https://errors.pydantic.dev/2.6/v/too_short
policy_classnames
  List should have at least 3 items after validation, not 1 [type=too_short, input_value=['DecisionTreePolicy'], input_type=list]
    For further information visit https://errors.pydantic.dev/2.6/v/too_short
read_model_classnames
  Field required [type=missing, input_value={'domain_event_classnames...lectDecisionTreeQuery']}, input_type=dict]
    For further information visit https://errors.pydantic.dev/2.6/v/missing
view_classnames
  Field required [type=missing, input_value={'domain_event_classnames...lectDecisionTreeQuery']}, input_type=dict]
    For further information visit https://errors.pydantic.dev/2.6/v/missing
ui_event_classnames
  Field required [type=missing, input_value={'domain_event_classnames...lectDecisionTreeQuery']}, input_type=dict]
    For further information visit https://errors.pydantic.dev/2.6/v/missing
saga_classnames
  Field required [type=missing, input_value={'domain_event_classnames...lectDecisionTreeQuery']}, input_type=dict]
    For further information visit https://errors.pydantic.dev/2.6/v/missing
integration_event_classnames
  Field required [type=missing, input_value={'domain_event_classnames...lectDecisionTreeQuery']}, input_type=dict]
    For further information visit https://errors.pydantic.dev/2.6/v/missing
exception_classnames
  Field required [type=missing, input_value={'domain_event_classnames...lectDecisionTreeQuery']}, input_type=dict]
    For further information visit https://errors.pydantic.dev/2.6/v/missing
value_object_classnames
  Field required [type=missing, input_value={'domain_event_classnames...lectDecisionTreeQuery']}, input_type=dict]
    For further information visit https://errors.pydantic.dev/2.6/v/missing
task_classnames
  List should have at least 3 items after validation, not 1 [type=too_short, input_value=['CompleteQuestionnaireTask'], input_type=list]
    For further information visit https://errors.pydantic.dev/2.6/v/too_short
2024-03-07 13:29:13,156 - dspy.primitives.assertions - ERROR - AssertionError: You need to create a kwargs dict for EventStormingDomainSpecificationModel

            Validation error:
3 validation errors for EventStormingDomainSpecificationModel
domain_events.0
  Input should be a valid dictionary or instance of AbstractEvent [type=model_type, input_value='OrderPlaced', input_type=str]
    For further information visit https://errors.pydantic.dev/2.6/v/model_type
domain_events.1
  Input should be a valid dictionary or instance of AbstractEvent [type=model_type, input_value='PaymentProcessed', input_type=str]
    For further information visit https://errors.pydantic.dev/2.6/v/model_type
domain_events.2
  Input should be a valid dictionary or instance of AbstractEvent [type=model_type, input_value='InventoryUpdated', input_type=str]
    For further information visit https://errors.pydantic.dev/2.6/v/model_type
2024-03-07 13:29:15,241 - dspy.primitives.assertions - ERROR - AssertionError: You need to create a kwargs dict for EventStormingDomainSpecificationModel

            Validation error:
malformed node or string on line 1: <ast.Call object at 0x13d138fa0>
2024-03-07 13:39:38,323 - dspy.primitives.assertions - ERROR - AssertionError: You need to create a kwargs dict for EventStormingDomainSpecificationModel

            Validation error:
3 validation errors for EventStormingDomainSpecificationModel
domain_events.0
  Input should be a valid dictionary or instance of AbstractEvent [type=model_type, input_value='OrderPlaced', input_type=str]
    For further information visit https://errors.pydantic.dev/2.6/v/model_type
domain_events.1
  Input should be a valid dictionary or instance of AbstractEvent [type=model_type, input_value='PaymentProcessed', input_type=str]
    For further information visit https://errors.pydantic.dev/2.6/v/model_type
domain_events.2
  Input should be a valid dictionary or instance of AbstractEvent [type=model_type, input_value='InventoryUpdated', input_type=str]
    For further information visit https://errors.pydantic.dev/2.6/v/model_type
2024-03-07 13:40:33,429 - dspy.primitives.assertions - ERROR - AssertionError: You need to create a kwargs dict for EventStormingDomainSpecificationModel

            Validation error:
3 validation errors for EventStormingDomainSpecificationModel
domain_events.0
  Input should be a valid dictionary or instance of AbstractEvent [type=model_type, input_value='PackageShipped', input_type=str]
    For further information visit https://errors.pydantic.dev/2.6/v/model_type
domain_events.1
  Input should be a valid dictionary or instance of AbstractEvent [type=model_type, input_value='PackageDelivered', input_type=str]
    For further information visit https://errors.pydantic.dev/2.6/v/model_type
domain_events.2
  Input should be a valid dictionary or instance of AbstractEvent [type=model_type, input_value='PackageReturned', input_type=str]
    For further information visit https://errors.pydantic.dev/2.6/v/model_type
2024-03-07 13:40:37,289 - dspy.primitives.assertions - ERROR - AssertionError: You need to create a kwargs dict for EventStormingDomainSpecificationModel

            Validation error:
1 validation error for EventStormingDomainSpecificationModel
  Input should be a valid dictionary or instance of EventStormingDomainSpecificationModel [type=model_type, input_value='{"domain_events": [{"act...tem.PackageReturned"}]}', input_type=str]
    For further information visit https://errors.pydantic.dev/2.6/v/model_type
2024-03-07 13:41:23,907 - dspy.primitives.assertions - ERROR - AssertionError: You need to create a kwargs dict for EventStormingDomainSpecificationModel

            Validation error:
2 validation errors for EventStormingDomainSpecificationModel
external_event_classnames
  List should have at least 3 items after validation, not 2 [type=too_short, input_value=['OrderSpecificQuestionna...naireCertificatePosted'], input_type=list]
    For further information visit https://errors.pydantic.dev/2.6/v/too_short
command_classnames
  List should have at least 3 items after validation, not 2 [type=too_short, input_value=['InvokeBrowser', 'CloseBrowser'], input_type=list]
    For further information visit https://errors.pydantic.dev/2.6/v/too_short
2024-03-07 13:41:27,692 - dspy.primitives.assertions - ERROR - AssertionError: You need to create a kwargs dict for EventStormingDomainSpecificationModel

            Validation error:
14 validation errors for EventStormingDomainSpecificationModel
domain_event_classnames
  Field required [type=missing, input_value={'external_event_classnam...s': ['BusinessAnalyst']}, input_type=dict]
    For further information visit https://errors.pydantic.dev/2.6/v/missing
external_event_classnames
  List should have at least 3 items after validation, not 1 [type=too_short, input_value=['OrderSpecificQuestionnaireCertificatePosted'], input_type=list]
    For further information visit https://errors.pydantic.dev/2.6/v/too_short
command_classnames
  List should have at least 3 items after validation, not 2 [type=too_short, input_value=['InvokeBrowser', 'CloseBrowser'], input_type=list]
    For further information visit https://errors.pydantic.dev/2.6/v/too_short
query_classnames
  Field required [type=missing, input_value={'external_event_classnam...s': ['BusinessAnalyst']}, input_type=dict]
    For further information visit https://errors.pydantic.dev/2.6/v/missing
aggregate_classnames
  Field required [type=missing, input_value={'external_event_classnam...s': ['BusinessAnalyst']}, input_type=dict]
    For further information visit https://errors.pydantic.dev/2.6/v/missing
policy_classnames
  List should have at least 3 items after validation, not 1 [type=too_short, input_value=['BusinessAnalyst'], input_type=list]
    For further information visit https://errors.pydantic.dev/2.6/v/too_short
read_model_classnames
  Field required [type=missing, input_value={'external_event_classnam...s': ['BusinessAnalyst']}, input_type=dict]
    For further information visit https://errors.pydantic.dev/2.6/v/missing
view_classnames
  List should have at least 3 items after validation, not 1 [type=too_short, input_value=['OrderSpecificQuestionnaire'], input_type=list]
    For further information visit https://errors.pydantic.dev/2.6/v/too_short
ui_event_classnames
  Field required [type=missing, input_value={'external_event_classnam...s': ['BusinessAnalyst']}, input_type=dict]
    For further information visit https://errors.pydantic.dev/2.6/v/missing
saga_classnames
  List should have at least 3 items after validation, not 1 [type=too_short, input_value=['OrderSpecificQuestionnaireSaga'], input_type=list]
    For further information visit https://errors.pydantic.dev/2.6/v/too_short
integration_event_classnames
  List should have at least 3 items after validation, not 1 [type=too_short, input_value=['OrderSpecificQuestionnaireIntegrationEvent'], input_type=list]
    For further information visit https://errors.pydantic.dev/2.6/v/too_short
exception_classnames
  Field required [type=missing, input_value={'external_event_classnam...s': ['BusinessAnalyst']}, input_type=dict]
    For further information visit https://errors.pydantic.dev/2.6/v/missing
value_object_classnames
  List should have at least 3 items after validation, not 1 [type=too_short, input_value=['OrderSpecificQuestionnaireCertificate'], input_type=list]
    For further information visit https://errors.pydantic.dev/2.6/v/too_short
task_classnames
  List should have at least 3 items after validation, not 1 [type=too_short, input_value=['OrderSpecificQuestionnaireTask'], input_type=list]
    For further information visit https://errors.pydantic.dev/2.6/v/too_short
